mode: atomic
user-management-api/routes/users/endpoint.go:11.61,12.77 1 0
user-management-api/routes/users/endpoint.go:12.77,14.10 2 0
user-management-api/routes/users/endpoint.go:14.10,16.4 1 0
user-management-api/routes/users/endpoint.go:18.3,19.17 2 0
user-management-api/routes/users/endpoint.go:19.17,21.4 1 0
user-management-api/routes/users/endpoint.go:23.3,23.22 1 0
user-management-api/routes/users/endpoint.go:27.59,28.77 1 0
user-management-api/routes/users/endpoint.go:28.77,30.17 2 0
user-management-api/routes/users/endpoint.go:30.17,32.4 1 0
user-management-api/routes/users/endpoint.go:34.3,34.20 1 0
user-management-api/routes/users/endpoint.go:38.58,39.77 1 0
user-management-api/routes/users/endpoint.go:39.77,42.17 3 0
user-management-api/routes/users/endpoint.go:42.17,44.4 1 0
user-management-api/routes/users/endpoint.go:45.3,46.17 2 0
user-management-api/routes/users/endpoint.go:46.17,48.4 1 0
user-management-api/routes/users/endpoint.go:50.3,50.19 1 0
user-management-api/routes/users/endpoint.go:54.61,55.77 1 0
user-management-api/routes/users/endpoint.go:55.77,58.17 3 0
user-management-api/routes/users/endpoint.go:58.17,60.4 1 0
user-management-api/routes/users/endpoint.go:62.3,63.10 2 0
user-management-api/routes/users/endpoint.go:63.10,65.4 1 0
user-management-api/routes/users/endpoint.go:67.3,68.17 2 0
user-management-api/routes/users/endpoint.go:68.17,70.4 1 0
user-management-api/routes/users/endpoint.go:72.3,72.22 1 0
user-management-api/routes/users/endpoint.go:76.61,77.77 1 0
user-management-api/routes/users/endpoint.go:77.77,80.17 3 0
user-management-api/routes/users/endpoint.go:80.17,82.4 1 0
user-management-api/routes/users/endpoint.go:84.3,85.17 2 0
user-management-api/routes/users/endpoint.go:85.17,87.4 1 0
user-management-api/routes/users/endpoint.go:89.3,89.22 1 0
user-management-api/routes/users/endpoint.go:93.62,94.77 1 0
user-management-api/routes/users/endpoint.go:94.77,98.10 2 0
user-management-api/routes/users/endpoint.go:98.10,100.4 1 0
user-management-api/routes/users/endpoint.go:102.3,103.17 2 0
user-management-api/routes/users/endpoint.go:103.17,105.4 1 0
user-management-api/routes/users/endpoint.go:107.3,107.20 1 0
user-management-api/routes/users/service.go:22.50,26.2 1 0
user-management-api/routes/users/service.go:28.54,29.45 1 0
user-management-api/routes/users/service.go:29.45,31.3 1 0
user-management-api/routes/users/service.go:34.2,34.46 1 0
user-management-api/routes/users/service.go:34.46,36.3 1 0
user-management-api/routes/users/service.go:37.2,37.12 1 0
user-management-api/routes/users/service.go:40.54,42.2 1 0
user-management-api/routes/users/service.go:44.61,46.2 1 0
user-management-api/routes/users/service.go:48.66,50.16 2 0
user-management-api/routes/users/service.go:50.16,52.3 1 0
user-management-api/routes/users/service.go:55.2,56.16 2 0
user-management-api/routes/users/service.go:56.16,58.3 1 0
user-management-api/routes/users/service.go:59.2,59.12 1 0
user-management-api/routes/users/service.go:62.48,64.16 2 0
user-management-api/routes/users/service.go:64.16,66.3 1 0
user-management-api/routes/users/service.go:67.2,67.12 1 0
user-management-api/routes/users/service.go:70.69,72.2 1 0
user-management-api/routes/users/service.go:74.56,75.21 1 0
user-management-api/routes/users/service.go:75.21,77.3 1 0
user-management-api/routes/users/service.go:78.2,78.22 1 0
user-management-api/routes/users/service.go:78.22,80.3 1 0
user-management-api/routes/users/service.go:81.2,81.19 1 0
user-management-api/routes/users/service.go:81.19,83.3 1 0
user-management-api/routes/users/service.go:85.2,85.12 1 0
user-management-api/repository/database.go:24.29,32.2 1 0
user-management-api/repository/database.go:34.38,35.17 1 0
user-management-api/repository/database.go:35.17,40.17 4 0
user-management-api/repository/database.go:40.17,43.4 2 0
user-management-api/repository/database.go:44.3,44.14 1 0
user-management-api/repository/database.go:47.2,47.19 1 0
user-management-api/repository/database.go:47.19,49.3 1 0
user-management-api/repository/database.go:51.2,51.20 1 0
user-management-api/repository/users.go:23.43,25.2 1 0
user-management-api/repository/users.go:27.50,29.25 2 0
user-management-api/repository/users.go:29.25,31.3 1 0
user-management-api/repository/users.go:32.2,32.12 1 0
user-management-api/repository/users.go:35.51,38.25 3 0
user-management-api/repository/users.go:38.25,40.3 1 0
user-management-api/repository/users.go:41.2,41.19 1 0
user-management-api/repository/users.go:44.57,47.25 3 0
user-management-api/repository/users.go:47.25,48.54 1 0
user-management-api/repository/users.go:48.54,50.4 1 0
user-management-api/repository/users.go:51.3,51.27 1 0
user-management-api/repository/users.go:53.2,53.19 1 0
user-management-api/repository/users.go:56.65,59.25 3 0
user-management-api/repository/users.go:59.25,60.54 1 0
user-management-api/repository/users.go:60.54,62.4 1 0
user-management-api/repository/users.go:63.3,63.27 1 0
user-management-api/repository/users.go:65.2,65.19 1 0
user-management-api/repository/users.go:68.50,70.25 2 0
user-management-api/repository/users.go:70.25,72.3 1 0
user-management-api/repository/users.go:73.2,73.12 1 0
user-management-api/repository/users.go:76.40,78.25 2 0
user-management-api/repository/users.go:78.25,80.3 1 0
user-management-api/repository/users.go:81.2,81.12 1 0
user-management-api/repository/users.go:84.69,94.25 7 0
user-management-api/repository/users.go:94.25,96.3 1 0
user-management-api/repository/users.go:97.2,97.19 1 0
user-management-api/server/server.go:11.23,20.16 7 0
user-management-api/server/server.go:20.16,22.3 1 0
user-management-api/cmd/server/main.go:9.13,12.16 3 0
user-management-api/cmd/server/main.go:12.16,15.3 2 0
user-management-api/cmd/server/main.go:16.2,16.18 1 0
user-management-api/routes/router.go:12.81,13.30 1 0
user-management-api/routes/router.go:13.30,16.17 3 0
user-management-api/routes/router.go:16.17,19.4 2 0
user-management-api/routes/router.go:21.3,22.17 2 0
user-management-api/routes/router.go:22.17,25.4 2 0
user-management-api/routes/router.go:27.3,27.34 1 0
user-management-api/routes/router.go:31.33,33.16 2 0
user-management-api/routes/router.go:33.16,34.13 1 0
user-management-api/routes/router.go:36.2,40.2 4 0
user-management-api/routes/router.go:40.2,49.3 6 0
user-management-api/util/logger.go:8.13,14.16 3 0
user-management-api/util/logger.go:14.16,15.51 1 0
user-management-api/util/logger.go:18.2,30.3 4 0
